Flutter crash report; please file at https://github.com/flutter/flutter/issues.

## command

flutter run --machine --target lib/main.dart -d 1908639F-0915-4FFF-926F-9FA1C1483E73 --track-widget-creation --start-paused

## exception

FileSystemException: FileSystemException: Cannot open file, path = '/Users/one/flutter/bin/cache/downloads/storage.googleapis.com/flutter_infra/ios-usb-dependencies/libimobiledevice/6150fcd888a0ee8a69dd47328509ee608c2e02dc/libimobiledevice.zip' (OS Error: No such file or directory, errno = 2)

```
#0      _File.open.<anonymous closure> (dart:io/file_impl.dart:366:9)
#1      _rootRunUnary (dart:async/zone.dart:1134:38)
#2      _CustomZone.runUnary (dart:async/zone.dart:1031:19)
#3      _FutureListener.handleValue (dart:async/future_impl.dart:139:18)
#4      Future._propagateToListeners.handleValueCallback (dart:async/future_impl.dart:680:45)
#5      Future._propagateToListeners (dart:async/future_impl.dart:709:32)
#6      Future._completeWithValue (dart:async/future_impl.dart:524:5)
#7      Future._asyncComplete.<anonymous closure> (dart:async/future_impl.dart:554:7)
#8      _rootRun (dart:async/zone.dart:1126:13)
#9      _CustomZone.run (dart:async/zone.dart:1023:19)
#10     _CustomZone.runGuarded (dart:async/zone.dart:925:7)
#11     _CustomZone.bindCallbackGuarded.<anonymous closure> (dart:async/zone.dart:965:23)
#12     _microtaskLoop (dart:async/schedule_microtask.dart:43:21)
#13     _startMicrotaskLoop (dart:async/schedule_microtask.dart:52:5)
#14     _runPendingImmediateCallback (dart:isolate-patch/isolate_patch.dart:118:13)
#15     _RawReceivePortImpl._handleMessage (dart:isolate-patch/isolate_patch.dart:175:5)
```

## flutter doctor

```
[✓] Flutter (Channel stable, v1.12.13+hotfix.8, on Mac OS X 10.15.3 19D76, locale zh-Hans-CN)
    • Flutter version 1.12.13+hotfix.8 at /Users/one/flutter
    • Framework revision 0b8abb4724 (5 weeks ago), 2020-02-11 11:44:36 -0800
    • Engine revision e1e6ced81d
    • Dart version 2.7.0

[✗] Android toolchain - develop for Android devices
    ✗ Unable to locate Android SDK.
      Install Android Studio from: https://developer.android.com/studio/index.html
      On first launch it will assist you in installing the Android SDK components.
      (or visit https://flutter.dev/setup/#android-setup for detailed instructions).
      If the Android SDK has been installed to a custom location, set ANDROID_HOME to that location.
      You may also want to add it to your PATH environment variable.


[!] Xcode - develop for iOS and macOS (Xcode 11.3.1)
    • Xcode at /Applications/Xcode.app/Contents/Developer
    • Xcode 11.3.1, Build version 11C504
    ✗ CocoaPods not installed.
        CocoaPods is used to retrieve the iOS and macOS platform side's plugin code that responds to your plugin usage on the Dart side.
        Without CocoaPods, plugins will not work on iOS or macOS.
        For more info, see https://flutter.dev/platform-plugins
      To install:
        sudo gem install cocoapods

[!] Android Studio (version 3.5)
    • Android Studio at /Applications/Android Studio.app/Contents
    ✗ Flutter plugin not installed; this adds Flutter specific functionality.
    ✗ Dart plugin not installed; this adds Dart specific functionality.
    • Java version OpenJDK Runtime Environment (build 1.8.0_202-release-1483-b49-5587405)

[✓] VS Code (version 1.43.0)
    • VS Code at /Applications/Visual Studio Code.app/Contents
    • Flutter extension version 3.8.1

[✓] Connected device (1 available)
    • iPhone 11 Pro Max • 1908639F-0915-4FFF-926F-9FA1C1483E73 • ios • com.apple.CoreSimulator.SimRuntime.iOS-13-3 (simulator)

! Doctor found issues in 3 categories.
```
